SET
SET
SET
SET
SET
                                                                 QUERY PLAN                                                                  
---------------------------------------------------------------------------------------------------------------------------------------------
 Index Scan Backward using idx on public.t (actual rows=16384.00 loops=1)
   Output: a, b
   Index Cond: ((t.a >= '-32697'::integer) AND (t.a <= '-32186'::integer))
   Index Searches: 1
   Prefetch: distance=217.359 count=560 stalls=39 skipped=14818 resets=0 ungets=152 forwarded=71
             histogram [2,4) => 65, [4,8) => 18, [8,16) => 10, [16,32) => 11, [32,64) => 10, [64,128) => 1, [128,256) => 1, [256,512) => 444
   Buffers: shared hit=322 read=171
 Settings: enable_bitmapscan = 'off', enable_seqscan = 'off', max_parallel_workers_per_gather = '0'
 Planning:
   Buffers: shared hit=82 read=23
 Planning Time: 1.286 ms
 Execution Time: 3.398 ms
(12 rows)

SET
SET
SET
SET
SET
                                             QUERY PLAN                                             
----------------------------------------------------------------------------------------------------
 Index Scan Backward using idx on public.t (actual rows=16384.00 loops=1)
   Output: a, b
   Index Cond: ((t.a >= '-32697'::integer) AND (t.a <= '-32186'::integer))
   Index Searches: 1
   Buffers: shared hit=496
 Settings: enable_bitmapscan = 'off', enable_seqscan = 'off', max_parallel_workers_per_gather = '0'
 Planning:
   Buffers: shared hit=110
 Planning Time: 0.167 ms
 Execution Time: 0.734 ms
(10 rows)

