SET
SET
SET
SET
SET
                                                                 QUERY PLAN                                                                  
---------------------------------------------------------------------------------------------------------------------------------------------
 Index Scan Backward using idx on public.t (actual rows=32768.00 loops=1)
   Output: a, b
   Index Cond: ((t.a >= '-28820'::integer) AND (t.a <= '-27797'::integer))
   Index Searches: 1
   Prefetch: distance=242.756 count=1165 stalls=41 skipped=31392 resets=0 ungets=310 forwarded=113
             histogram [2,4) => 72, [4,8) => 24, [8,16) => 11, [16,32) => 14, [32,64) => 5, [64,128) => 1, [128,256) => 4, [256,512) => 1034
   Buffers: shared hit=600 read=340
 Settings: enable_bitmapscan = 'off', enable_seqscan = 'off', max_parallel_workers_per_gather = '0'
 Planning:
   Buffers: shared hit=82 read=23
 Planning Time: 1.248 ms
 Execution Time: 5.380 ms
(12 rows)

SET
SET
SET
SET
SET
                                             QUERY PLAN                                             
----------------------------------------------------------------------------------------------------
 Index Scan Backward using idx on public.t (actual rows=32768.00 loops=1)
   Output: a, b
   Index Cond: ((t.a >= '-28820'::integer) AND (t.a <= '-27797'::integer))
   Index Searches: 1
   Buffers: shared hit=943
 Settings: enable_bitmapscan = 'off', enable_seqscan = 'off', max_parallel_workers_per_gather = '0'
 Planning:
   Buffers: shared hit=110
 Planning Time: 0.186 ms
 Execution Time: 1.588 ms
(10 rows)

