SET
SET
SET
SET
SET
                                                                 QUERY PLAN                                                                 
--------------------------------------------------------------------------------------------------------------------------------------------
 Index Scan Backward using idx on public.t (actual rows=65536.00 loops=1)
   Output: a, b
   Index Cond: ((t.a >= '-22491'::integer) AND (t.a <= '-20444'::integer))
   Index Searches: 1
   Prefetch: distance=261.607 count=2594 stalls=26 skipped=63163 resets=0 ungets=790 forwarded=283
             histogram [2,4) => 53, [4,8) => 10, [8,16) => 9, [16,32) => 19, [32,64) => 8, [64,128) => 4, [128,256) => 4, [256,512) => 2487
   Buffers: shared hit=1227 read=676
 Settings: enable_bitmapscan = 'off', enable_seqscan = 'off', max_parallel_workers_per_gather = '0'
 Planning:
   Buffers: shared hit=82 read=23
 Planning Time: 1.738 ms
 Execution Time: 10.979 ms
(12 rows)

SET
SET
SET
SET
SET
                                             QUERY PLAN                                             
----------------------------------------------------------------------------------------------------
 Index Scan Backward using idx on public.t (actual rows=65536.00 loops=1)
   Output: a, b
   Index Cond: ((t.a >= '-22491'::integer) AND (t.a <= '-20444'::integer))
   Index Searches: 1
   Buffers: shared hit=1909
 Settings: enable_bitmapscan = 'off', enable_seqscan = 'off', max_parallel_workers_per_gather = '0'
 Planning:
   Buffers: shared hit=110
 Planning Time: 0.159 ms
 Execution Time: 2.556 ms
(10 rows)

