SET
SET
SET
SET
SET
                                                                  QUERY PLAN                                                                  
----------------------------------------------------------------------------------------------------------------------------------------------
 Index Scan Backward using idx on public.t (actual rows=131072.00 loops=1)
   Output: a, b
   Index Cond: ((t.a >= '-20381'::integer) AND (t.a <= '-16286'::integer))
   Index Searches: 1
   Prefetch: distance=266.832 count=5201 stalls=25 skipped=127005 resets=0 ungets=1510 forwarded=432
             histogram [2,4) => 48, [4,8) => 17, [8,16) => 11, [16,32) => 10, [32,64) => 10, [64,128) => 4, [128,256) => 1, [256,512) => 5100
   Buffers: shared hit=2482 read=1346
 Settings: enable_bitmapscan = 'off', enable_seqscan = 'off', max_parallel_workers_per_gather = '0'
 Planning:
   Buffers: shared hit=82 read=23
 Planning Time: 1.798 ms
 Execution Time: 17.731 ms
(12 rows)

SET
SET
SET
SET
SET
                                             QUERY PLAN                                             
----------------------------------------------------------------------------------------------------
 Index Scan Backward using idx on public.t (actual rows=131072.00 loops=1)
   Output: a, b
   Index Cond: ((t.a >= '-20381'::integer) AND (t.a <= '-16286'::integer))
   Index Searches: 1
   Buffers: shared hit=3846
 Settings: enable_bitmapscan = 'off', enable_seqscan = 'off', max_parallel_workers_per_gather = '0'
 Planning:
   Buffers: shared hit=110
 Planning Time: 0.180 ms
 Execution Time: 5.276 ms
(10 rows)

