SET
SET
SET
SET
SET
                                                                  QUERY PLAN                                                                  
----------------------------------------------------------------------------------------------------------------------------------------------
 Index Scan Backward using idx on public.t (actual rows=524288.00 loops=1)
   Output: a, b
   Index Cond: ((t.a >= '-39520'::integer) AND (t.a <= '-23137'::integer))
   Index Searches: 1
   Prefetch: distance=268.335 count=21375 stalls=122 skipped=508780 resets=0 ungets=6628 forwarded=2077
             histogram [2,4) => 230, [4,8) => 24, [8,16) => 8, [16,32) => 15, [32,64) => 2, [64,128) => 4, [128,256) => 1, [256,512) => 21091
   Buffers: shared hit=9906 read=5372
 Settings: enable_bitmapscan = 'off', enable_seqscan = 'off', max_parallel_workers_per_gather = '0'
 Planning:
   Buffers: shared hit=82 read=23
 Planning Time: 1.831 ms
 Execution Time: 69.850 ms
(12 rows)

SET
SET
SET
SET
SET
                                             QUERY PLAN                                             
----------------------------------------------------------------------------------------------------
 Index Scan Backward using idx on public.t (actual rows=524288.00 loops=1)
   Output: a, b
   Index Cond: ((t.a >= '-39520'::integer) AND (t.a <= '-23137'::integer))
   Index Searches: 1
   Buffers: shared hit=15359
 Settings: enable_bitmapscan = 'off', enable_seqscan = 'off', max_parallel_workers_per_gather = '0'
 Planning:
   Buffers: shared hit=110
 Planning Time: 0.174 ms
 Execution Time: 20.635 ms
(10 rows)

