SET
SET
SET
SET
SET
                                                                  QUERY PLAN                                                                  
----------------------------------------------------------------------------------------------------------------------------------------------
 Index Scan Backward using idx on public.t (actual rows=1048576.00 loops=1)
   Output: a, b
   Index Cond: ((t.a >= '-65067'::integer) AND (t.a <= '-32300'::integer))
   Index Searches: 1
   Prefetch: distance=271.297 count=44705 stalls=35 skipped=1017999 resets=0 ungets=14994 forwarded=5620
             histogram [2,4) => 60, [4,8) => 8, [8,16) => 11, [16,32) => 10, [32,64) => 10, [64,128) => 3, [128,256) => 4, [256,512) => 44599
   Buffers: shared hit=19815 read=10740
 Settings: enable_bitmapscan = 'off', enable_seqscan = 'off', max_parallel_workers_per_gather = '0'
 Planning:
   Buffers: shared hit=82 read=23
 Planning Time: 1.861 ms
 Execution Time: 130.781 ms
(12 rows)

SET
SET
SET
SET
SET
                                             QUERY PLAN                                             
----------------------------------------------------------------------------------------------------
 Index Scan Backward using idx on public.t (actual rows=1048576.00 loops=1)
   Output: a, b
   Index Cond: ((t.a >= '-65067'::integer) AND (t.a <= '-32300'::integer))
   Index Searches: 1
   Buffers: shared hit=30712
 Settings: enable_bitmapscan = 'off', enable_seqscan = 'off', max_parallel_workers_per_gather = '0'
 Planning:
   Buffers: shared hit=110
 Planning Time: 0.182 ms
 Execution Time: 42.208 ms
(10 rows)

