SET
SET
SET
SET
SET
                                                                  QUERY PLAN                                                                   
-----------------------------------------------------------------------------------------------------------------------------------------------
 Index Scan Backward using idx on public.t (actual rows=3048576.00 loops=1)
   Output: a, b
   Index Cond: ((t.a >= '-102534'::integer) AND (t.a <= '-7267'::integer))
   Index Searches: 1
   Prefetch: distance=271.656 count=124075 stalls=28 skipped=2961089 resets=0 ungets=37703 forwarded=10920
             histogram [2,4) => 54, [4,8) => 16, [8,16) => 10, [16,32) => 14, [32,64) => 2, [64,128) => 4, [128,256) => 1, [256,512) => 123974
   Buffers: shared hit=57430 read=31217
 Settings: enable_bitmapscan = 'off', enable_seqscan = 'off', max_parallel_workers_per_gather = '0'
 Planning:
   Buffers: shared hit=82 read=23
 Planning Time: 1.811 ms
 Execution Time: 362.919 ms
(12 rows)

SET
SET
SET
SET
SET
                                             QUERY PLAN                                             
----------------------------------------------------------------------------------------------------
 Index Scan Backward using idx on public.t (actual rows=3048576.00 loops=1)
   Output: a, b
   Index Cond: ((t.a >= '-102534'::integer) AND (t.a <= '-7267'::integer))
   Index Searches: 1
   Buffers: shared hit=89155
 Settings: enable_bitmapscan = 'off', enable_seqscan = 'off', max_parallel_workers_per_gather = '0'
 Planning:
   Buffers: shared hit=110
 Planning Time: 0.177 ms
 Execution Time: 120.914 ms
(10 rows)

