SET
SET
SET
SET
SET
                                                                 QUERY PLAN                                                                  
---------------------------------------------------------------------------------------------------------------------------------------------
 Index Scan Backward using idx on public.t (actual rows=5048576.00 loops=1)
   Output: a, b
   Index Cond: ((t.a >= '-172384'::integer) AND (t.a <= '-14617'::integer))
   Index Searches: 1
   Prefetch: distance=271.772 count=199304 stalls=3 skipped=4904145 resets=0 ungets=56027 forwarded=11648
             histogram [2,4) => 8, [4,8) => 16, [8,16) => 11, [16,32) => 8, [32,64) => 1, [64,128) => 4, [128,256) => 1, [256,512) => 199255
   Buffers: shared hit=95498 read=51695
 Settings: enable_bitmapscan = 'off', enable_seqscan = 'off', max_parallel_workers_per_gather = '0'
 Planning:
   Buffers: shared hit=82 read=23
 Planning Time: 1.803 ms
 Execution Time: 575.361 ms
(12 rows)

SET
SET
SET
SET
SET
                                             QUERY PLAN                                             
----------------------------------------------------------------------------------------------------
 Index Scan Backward using idx on public.t (actual rows=5048576.00 loops=1)
   Output: a, b
   Index Cond: ((t.a >= '-172384'::integer) AND (t.a <= '-14617'::integer))
   Index Searches: 1
   Buffers: shared hit=147824
 Settings: enable_bitmapscan = 'off', enable_seqscan = 'off', max_parallel_workers_per_gather = '0'
 Planning:
   Buffers: shared hit=110
 Planning Time: 0.176 ms
 Execution Time: 198.608 ms
(10 rows)

