SET
SET
SET
SET
SET
                                                                  QUERY PLAN                                                                  
----------------------------------------------------------------------------------------------------------------------------------------------
 Index Scan Backward using idx on public.t (actual rows=7048576.00 loops=1)
   Output: a, b
   Index Cond: ((t.a >= '-242880'::integer) AND (t.a <= '-22613'::integer))
   Index Searches: 1
   Prefetch: distance=271.769 count=281886 stalls=15 skipped=6848178 resets=0 ungets=82078 forwarded=20105
             histogram [2,4) => 30, [4,8) => 24, [8,16) => 7, [16,32) => 16, [32,64) => 6, [64,128) => 1, [128,256) => 4, [256,512) => 281798
   Buffers: shared hit=132924 read=72172
 Settings: enable_bitmapscan = 'off', enable_seqscan = 'off', max_parallel_workers_per_gather = '0'
 Planning:
   Buffers: shared hit=82 read=23
 Planning Time: 1.847 ms
 Execution Time: 812.426 ms
(12 rows)

SET
SET
SET
SET
SET
                                             QUERY PLAN                                             
----------------------------------------------------------------------------------------------------
 Index Scan Backward using idx on public.t (actual rows=7048576.00 loops=1)
   Output: a, b
   Index Cond: ((t.a >= '-242880'::integer) AND (t.a <= '-22613'::integer))
   Index Searches: 1
   Buffers: shared hit=206139
 Settings: enable_bitmapscan = 'off', enable_seqscan = 'off', max_parallel_workers_per_gather = '0'
 Planning:
   Buffers: shared hit=110
 Planning Time: 0.183 ms
 Execution Time: 266.458 ms
(10 rows)

