SET
SET
SET
SET
SET
                                                                  QUERY PLAN                                                                   
-----------------------------------------------------------------------------------------------------------------------------------------------
 Index Scan Backward using idx on public.t (actual rows=8048576.00 loops=1)
   Output: a, b
   Index Cond: ((t.a >= '-273847'::integer) AND (t.a <= '-22330'::integer))
   Index Searches: 1
   Prefetch: distance=271.697 count=323031 stalls=72 skipped=7819611 resets=0 ungets=94809 forwarded=23923
             histogram [2,4) => 136, [4,8) => 12, [8,16) => 9, [16,32) => 23, [32,64) => 4, [64,128) => 4, [128,256) => 3, [256,512) => 322840
   Buffers: shared hit=151845 read=82411
 Settings: enable_bitmapscan = 'off', enable_seqscan = 'off', max_parallel_workers_per_gather = '0'
 Planning:
   Buffers: shared hit=82 read=23
 Planning Time: 1.800 ms
 Execution Time: 919.873 ms
(12 rows)

SET
SET
SET
SET
SET
                                             QUERY PLAN                                             
----------------------------------------------------------------------------------------------------
 Index Scan Backward using idx on public.t (actual rows=8048576.00 loops=1)
   Output: a, b
   Index Cond: ((t.a >= '-273847'::integer) AND (t.a <= '-22330'::integer))
   Index Searches: 1
   Buffers: shared hit=235505
 Settings: enable_bitmapscan = 'off', enable_seqscan = 'off', max_parallel_workers_per_gather = '0'
 Planning:
   Buffers: shared hit=110
 Planning Time: 0.234 ms
 Execution Time: 328.644 ms
(10 rows)

