SET
SET
SET
SET
SET
                                             QUERY PLAN                                             
----------------------------------------------------------------------------------------------------
 Index Scan Backward using idx on public.t (actual rows=4096.00 loops=1)
   Output: a, b
   Index Cond: ((t.a >= '-5280'::integer) AND (t.a <= '-5153'::integer))
   Index Searches: 1
   Prefetch: distance=6.114 count=79 stalls=23 skipped=3547 resets=0 ungets=0 forwarded=3
             histogram [2,4) => 50, [4,8) => 8, [8,16) => 10, [16,32) => 9, [32,64) => 2
   Buffers: shared hit=77 read=46
 Settings: enable_bitmapscan = 'off', enable_seqscan = 'off', max_parallel_workers_per_gather = '0'
 Planning:
   Buffers: shared hit=86 read=27
 Planning Time: 1.473 ms
 Execution Time: 1.492 ms
(12 rows)

SET
SET
SET
SET
SET
                                             QUERY PLAN                                             
----------------------------------------------------------------------------------------------------
 Index Scan Backward using idx on public.t (actual rows=4096.00 loops=1)
   Output: a, b
   Index Cond: ((t.a >= '-5280'::integer) AND (t.a <= '-5153'::integer))
   Index Searches: 1
   Buffers: shared hit=123
 Settings: enable_bitmapscan = 'off', enable_seqscan = 'off', max_parallel_workers_per_gather = '0'
 Planning:
   Buffers: shared hit=118
 Planning Time: 0.128 ms
 Execution Time: 0.178 ms
(10 rows)

