SET
SET
SET
SET
SET
                                                                 QUERY PLAN                                                                  
---------------------------------------------------------------------------------------------------------------------------------------------
 Index Scan Backward using idx on public.t (actual rows=32768.00 loops=1)
   Output: a, b
   Index Cond: ((t.a >= '-30637'::integer) AND (t.a <= '-29614'::integer))
   Index Searches: 1
   Prefetch: distance=83.659 count=759 stalls=240 skipped=31232 resets=0 ungets=70 forwarded=20
             histogram [2,4) => 445, [4,8) => 50, [8,16) => 12, [16,32) => 13, [32,64) => 9, [64,128) => 5, [128,256) => 3, [256,512) => 222
   Buffers: shared hit=639 read=340
 Settings: enable_bitmapscan = 'off', enable_seqscan = 'off', max_parallel_workers_per_gather = '0'
 Planning:
   Buffers: shared hit=82 read=23
 Planning Time: 1.888 ms
 Execution Time: 6.107 ms
(12 rows)

SET
SET
SET
SET
SET
                                             QUERY PLAN                                             
----------------------------------------------------------------------------------------------------
 Index Scan Backward using idx on public.t (actual rows=32768.00 loops=1)
   Output: a, b
   Index Cond: ((t.a >= '-30637'::integer) AND (t.a <= '-29614'::integer))
   Index Searches: 1
   Buffers: shared hit=979
 Settings: enable_bitmapscan = 'off', enable_seqscan = 'off', max_parallel_workers_per_gather = '0'
 Planning:
   Buffers: shared hit=110
 Planning Time: 0.120 ms
 Execution Time: 1.192 ms
(10 rows)

