SET
SET
SET
SET
SET
                                                                  QUERY PLAN                                                                  
----------------------------------------------------------------------------------------------------------------------------------------------
 Index Scan Backward using idx on public.t (actual rows=65536.00 loops=1)
   Output: a, b
   Index Cond: ((t.a >= '-4431'::integer) AND (t.a <= '-2384'::integer))
   Index Searches: 1
   Prefetch: distance=261.201 count=2559 stalls=16 skipped=63160 resets=0 ungets=742 forwarded=230
             histogram [2,4) => 41, [4,8) => 27, [8,16) => 13, [16,32) => 12, [32,64) => 10, [64,128) => 1, [128,256) => 2, [256,512) => 2453
   Buffers: shared hit=1232 read=674
 Settings: enable_bitmapscan = 'off', enable_seqscan = 'off', max_parallel_workers_per_gather = '0'
 Planning:
   Buffers: shared hit=86 read=27
 Planning Time: 2.089 ms
 Execution Time: 8.857 ms
(12 rows)

SET
SET
SET
SET
SET
                                             QUERY PLAN                                             
----------------------------------------------------------------------------------------------------
 Index Scan Backward using idx on public.t (actual rows=65536.00 loops=1)
   Output: a, b
   Index Cond: ((t.a >= '-4431'::integer) AND (t.a <= '-2384'::integer))
   Index Searches: 1
   Buffers: shared hit=1915
 Settings: enable_bitmapscan = 'off', enable_seqscan = 'off', max_parallel_workers_per_gather = '0'
 Planning:
   Buffers: shared hit=118
 Planning Time: 0.146 ms
 Execution Time: 2.752 ms
(10 rows)

