SET
SET
SET
SET
SET
                                                                 QUERY PLAN                                                                 
--------------------------------------------------------------------------------------------------------------------------------------------
 Index Scan Backward using idx on public.t (actual rows=131072.00 loops=1)
   Output: a, b
   Index Cond: ((t.a >= '-8996'::integer) AND (t.a <= '-4901'::integer))
   Index Searches: 1
   Prefetch: distance=269.361 count=5193 stalls=2 skipped=126734 resets=0 ungets=1496 forwarded=396
             histogram [2,4) => 4, [4,8) => 16, [8,16) => 11, [16,32) => 13, [32,64) => 3, [64,128) => 4, [128,256) => 1, [256,512) => 5141
   Buffers: shared hit=2481 read=1345
 Settings: enable_bitmapscan = 'off', enable_seqscan = 'off', max_parallel_workers_per_gather = '0'
 Planning:
   Buffers: shared hit=82 read=27
 Planning Time: 2.112 ms
 Execution Time: 16.249 ms
(12 rows)

SET
SET
SET
SET
SET
                                             QUERY PLAN                                             
----------------------------------------------------------------------------------------------------
 Index Scan Backward using idx on public.t (actual rows=131072.00 loops=1)
   Output: a, b
   Index Cond: ((t.a >= '-8996'::integer) AND (t.a <= '-4901'::integer))
   Index Searches: 1
   Buffers: shared hit=3840
 Settings: enable_bitmapscan = 'off', enable_seqscan = 'off', max_parallel_workers_per_gather = '0'
 Planning:
   Buffers: shared hit=114
 Planning Time: 0.202 ms
 Execution Time: 5.583 ms
(10 rows)

