SET
SET
SET
SET
SET
                                                                  QUERY PLAN                                                                   
-----------------------------------------------------------------------------------------------------------------------------------------------
 Index Scan Backward using idx on public.t (actual rows=524288.00 loops=1)
   Output: a, b
   Index Cond: ((t.a >= '-41743'::integer) AND (t.a <= '-25360'::integer))
   Index Searches: 1
   Prefetch: distance=259.145 count=20287 stalls=448 skipped=509313 resets=0 ungets=5855 forwarded=1647
             histogram [2,4) => 877, [4,8) => 53, [8,16) => 11, [16,32) => 11, [32,64) => 4, [64,128) => 3, [128,256) => 3, [256,512) => 19325
   Buffers: shared hit=9928 read=5372
 Settings: enable_bitmapscan = 'off', enable_seqscan = 'off', max_parallel_workers_per_gather = '0'
 Planning:
   Buffers: shared hit=82 read=23
 Planning Time: 1.804 ms
 Execution Time: 68.809 ms
(12 rows)

SET
SET
SET
SET
SET
                                             QUERY PLAN                                             
----------------------------------------------------------------------------------------------------
 Index Scan Backward using idx on public.t (actual rows=524288.00 loops=1)
   Output: a, b
   Index Cond: ((t.a >= '-41743'::integer) AND (t.a <= '-25360'::integer))
   Index Searches: 1
   Buffers: shared hit=15355
 Settings: enable_bitmapscan = 'off', enable_seqscan = 'off', max_parallel_workers_per_gather = '0'
 Planning:
   Buffers: shared hit=110
 Planning Time: 0.181 ms
 Execution Time: 21.285 ms
(10 rows)

