SET
SET
SET
SET
SET
                                                                  QUERY PLAN                                                                   
-----------------------------------------------------------------------------------------------------------------------------------------------
 Index Scan Backward using idx on public.t (actual rows=2048576.00 loops=1)
   Output: a, b
   Index Cond: ((t.a >= '-88520'::integer) AND (t.a <= '-24503'::integer))
   Index Searches: 1
   Prefetch: distance=271.497 count=81819 stalls=29 skipped=1989971 resets=0 ungets=23818 forwarded=5950
             histogram [2,4) => 54, [4,8) => 13, [8,16) => 16, [16,32) => 12, [32,64) => 11, [64,128) => 3, [128,256) => 4, [256,512) => 81706
   Buffers: shared hit=38623 read=20979
 Settings: enable_bitmapscan = 'off', enable_seqscan = 'off', max_parallel_workers_per_gather = '0'
 Planning:
   Buffers: shared hit=82 read=23
 Planning Time: 1.803 ms
 Execution Time: 236.897 ms
(12 rows)

SET
SET
SET
SET
SET
                                             QUERY PLAN                                             
----------------------------------------------------------------------------------------------------
 Index Scan Backward using idx on public.t (actual rows=2048576.00 loops=1)
   Output: a, b
   Index Cond: ((t.a >= '-88520'::integer) AND (t.a <= '-24503'::integer))
   Index Searches: 1
   Buffers: shared hit=59880
 Settings: enable_bitmapscan = 'off', enable_seqscan = 'off', max_parallel_workers_per_gather = '0'
 Planning:
   Buffers: shared hit=110
 Planning Time: 0.182 ms
 Execution Time: 80.604 ms
(10 rows)

