SET
SET
SET
SET
SET
                                                                   QUERY PLAN                                                                   
------------------------------------------------------------------------------------------------------------------------------------------------
 Index Scan Backward using idx on public.t (actual rows=4048576.00 loops=1)
   Output: a, b
   Index Cond: ((t.a >= '-134612'::integer) AND (t.a <= '-8095'::integer))
   Index Searches: 1
   Prefetch: distance=271.741 count=161716 stalls=9 skipped=3933354 resets=0 ungets=46854 forwarded=11395
             histogram [2,4) => 22, [4,8) => 14, [8,16) => 10, [16,32) => 10, [32,64) => 10, [64,128) => 1, [128,256) => 4, [256,512) => 161645
   Buffers: shared hit=76425 read=41456
 Settings: enable_bitmapscan = 'off', enable_seqscan = 'off', max_parallel_workers_per_gather = '0'
 Planning:
   Buffers: shared hit=82 read=23
 Planning Time: 1.807 ms
 Execution Time: 459.826 ms
(12 rows)

SET
SET
SET
SET
SET
                                             QUERY PLAN                                             
----------------------------------------------------------------------------------------------------
 Index Scan Backward using idx on public.t (actual rows=4048576.00 loops=1)
   Output: a, b
   Index Cond: ((t.a >= '-134612'::integer) AND (t.a <= '-8095'::integer))
   Index Searches: 1
   Buffers: shared hit=118500
 Settings: enable_bitmapscan = 'off', enable_seqscan = 'off', max_parallel_workers_per_gather = '0'
 Planning:
   Buffers: shared hit=110
 Planning Time: 0.176 ms
 Execution Time: 157.681 ms
(10 rows)

