SET
SET
SET
SET
SET
                                                                  QUERY PLAN                                                                   
-----------------------------------------------------------------------------------------------------------------------------------------------
 Index Scan Backward using idx on public.t (actual rows=5048576.00 loops=1)
   Output: a, b
   Index Cond: ((t.a >= '-171776'::integer) AND (t.a <= '-14009'::integer))
   Index Searches: 1
   Prefetch: distance=271.294 count=206502 stalls=189 skipped=4904859 resets=0 ungets=63389 forwarded=18795
             histogram [2,4) => 361, [4,8) => 57, [8,16) => 9, [16,32) => 10, [32,64) => 4, [64,128) => 1, [128,256) => 4, [256,512) => 206056
   Buffers: shared hit=95313 read=51696
 Settings: enable_bitmapscan = 'off', enable_seqscan = 'off', max_parallel_workers_per_gather = '0'
 Planning:
   Buffers: shared hit=82 read=23
 Planning Time: 1.833 ms
 Execution Time: 595.041 ms
(12 rows)

SET
SET
SET
SET
SET
                                             QUERY PLAN                                             
----------------------------------------------------------------------------------------------------
 Index Scan Backward using idx on public.t (actual rows=5048576.00 loops=1)
   Output: a, b
   Index Cond: ((t.a >= '-171776'::integer) AND (t.a <= '-14009'::integer))
   Index Searches: 1
   Buffers: shared hit=147829
 Settings: enable_bitmapscan = 'off', enable_seqscan = 'off', max_parallel_workers_per_gather = '0'
 Planning:
   Buffers: shared hit=110
 Planning Time: 0.204 ms
 Execution Time: 207.184 ms
(10 rows)

