SET
SET
SET
SET
SET
                                                                   QUERY PLAN                                                                   
------------------------------------------------------------------------------------------------------------------------------------------------
 Index Scan Backward using idx on public.t (actual rows=6048576.00 loops=1)
   Output: a, b
   Index Cond: ((t.a >= '-213094'::integer) AND (t.a <= '-24077'::integer))
   Index Searches: 1
   Prefetch: distance=271.454 count=242017 stalls=162 skipped=5876295 resets=0 ungets=70697 forwarded=17309
             histogram [2,4) => 301, [4,8) => 22, [8,16) => 11, [16,32) => 18, [32,64) => 5, [64,128) => 2, [128,256) => 3, [256,512) => 241655
   Buffers: shared hit=114131 read=61933
 Settings: enable_bitmapscan = 'off', enable_seqscan = 'off', max_parallel_workers_per_gather = '0'
 Planning:
   Buffers: shared hit=82 read=23
 Planning Time: 1.811 ms
 Execution Time: 698.599 ms
(12 rows)

SET
SET
SET
SET
SET
                                             QUERY PLAN                                             
----------------------------------------------------------------------------------------------------
 Index Scan Backward using idx on public.t (actual rows=6048576.00 loops=1)
   Output: a, b
   Index Cond: ((t.a >= '-213094'::integer) AND (t.a <= '-24077'::integer))
   Index Searches: 1
   Buffers: shared hit=176909
 Settings: enable_bitmapscan = 'off', enable_seqscan = 'off', max_parallel_workers_per_gather = '0'
 Planning:
   Buffers: shared hit=110
 Planning Time: 0.174 ms
 Execution Time: 243.194 ms
(10 rows)

