SET
SET
SET
SET
SET
                                                                  QUERY PLAN                                                                   
-----------------------------------------------------------------------------------------------------------------------------------------------
 Index Scan Backward using idx on public.t (actual rows=7048576.00 loops=1)
   Output: a, b
   Index Cond: ((t.a >= '-234377'::integer) AND (t.a <= '-14110'::integer))
   Index Searches: 1
   Prefetch: distance=271.471 count=277834 stalls=163 skipped=6848213 resets=0 ungets=78209 forwarded=16214
             histogram [2,4) => 304, [4,8) => 48, [8,16) => 9, [16,32) => 10, [32,64) => 6, [64,128) => 1, [128,256) => 1, [256,512) => 277455
   Buffers: shared hit=133141 read=72172
 Settings: enable_bitmapscan = 'off', enable_seqscan = 'off', max_parallel_workers_per_gather = '0'
 Planning:
   Buffers: shared hit=82 read=23
 Planning Time: 1.793 ms
 Execution Time: 805.307 ms
(12 rows)

SET
SET
SET
SET
SET
                                             QUERY PLAN                                             
----------------------------------------------------------------------------------------------------
 Index Scan Backward using idx on public.t (actual rows=7048576.00 loops=1)
   Output: a, b
   Index Cond: ((t.a >= '-234377'::integer) AND (t.a <= '-14110'::integer))
   Index Searches: 1
   Buffers: shared hit=206099
 Settings: enable_bitmapscan = 'off', enable_seqscan = 'off', max_parallel_workers_per_gather = '0'
 Planning:
   Buffers: shared hit=110
 Planning Time: 0.180 ms
 Execution Time: 283.346 ms
(10 rows)

