SET
SET
SET
SET
SET
                                                                   QUERY PLAN                                                                   
------------------------------------------------------------------------------------------------------------------------------------------------
 Index Scan Backward using idx on public.t (actual rows=8048576.00 loops=1)
   Output: a, b
   Index Cond: ((t.a >= '-261019'::integer) AND (t.a <= '-9502'::integer))
   Index Searches: 1
   Prefetch: distance=271.727 count=322602 stalls=40 skipped=7820194 resets=0 ungets=94419 forwarded=23807
             histogram [2,4) => 78, [4,8) => 39, [8,16) => 12, [16,32) => 10, [32,64) => 10, [64,128) => 1, [128,256) => 2, [256,512) => 322450
   Buffers: shared hit=151878 read=82412
 Settings: enable_bitmapscan = 'off', enable_seqscan = 'off', max_parallel_workers_per_gather = '0'
 Planning:
   Buffers: shared hit=82 read=23
 Planning Time: 1.837 ms
 Execution Time: 924.599 ms
(12 rows)

SET
SET
SET
SET
SET
                                             QUERY PLAN                                             
----------------------------------------------------------------------------------------------------
 Index Scan Backward using idx on public.t (actual rows=8048576.00 loops=1)
   Output: a, b
   Index Cond: ((t.a >= '-261019'::integer) AND (t.a <= '-9502'::integer))
   Index Searches: 1
   Buffers: shared hit=235419
 Settings: enable_bitmapscan = 'off', enable_seqscan = 'off', max_parallel_workers_per_gather = '0'
 Planning:
   Buffers: shared hit=110
 Planning Time: 0.211 ms
 Execution Time: 324.576 ms
(10 rows)

